<?xml version="1.0" encoding="UTF-8"?>
<testng-results ignored="0" total="1" passed="1" failed="0" skipped="0">
  <reporter-output>
  </reporter-output>
  <suite started-at="2021-09-20T16:39:29 IST" name="Default Suite" finished-at="2021-09-20T16:39:34 IST" duration-ms="5303">
    <groups>
    </groups>
    <test started-at="2021-09-20T16:39:29 IST" name="Guru99Banking" finished-at="2021-09-20T16:39:34 IST" duration-ms="5303">
      <class name="Guru99loginpage.Login_Validation">
        <test-method signature="Launch_Browser()[pri:0, instance:Guru99loginpage.Login_Validation@1189dd52]" started-at="2021-09-20T16:39:29 IST" name="Launch_Browser" finished-at="2021-09-20T16:39:34 IST" duration-ms="5288" status="PASS">
          <reporter-output>
          </reporter-output>
        </test-method> <!-- Launch_Browser -->
      </class> <!-- Guru99loginpage.Login_Validation -->
    </test> <!-- Guru99Banking -->
  </suite> <!-- Default Suite -->
</testng-results>
